<?xml version="1.0" encoding="UTF-8"?>
<!-- Generated by org.testng.reporters.JUnitReportReporter -->
<testsuite hostname="DESKTOP-6LF5DDH" failures="0" tests="1" name="api.Test1_GET" time="2.475" errors="0" timestamp="2021-09-23T09:04:21 IST" skipped="0">
  <testcase classname="api.Test1_GET" name="getopration" time="2.475"/>
  <system-out/>
</testsuite> <!-- api.Test1_GET -->
