<?xml version="1.0" encoding="UTF-8"?>
<!-- Generated by org.testng.reporters.JUnitReportReporter -->
<testsuite hostname="DESKTOP-6LF5DDH" failures="0" tests="1" name="api.Tests_GET" time="14.218" errors="0" timestamp="2021-09-23T09:01:38 IST" skipped="0">
  <testcase classname="api.Tests_GET" name="m1" time="14.218"/>
  <system-out/>
</testsuite> <!-- api.Tests_GET -->
