<?xml version="1.0" encoding="UTF-8"?>
<!-- Generated by org.testng.reporters.JUnitReportReporter -->
<testsuite hostname="DESKTOP-6LF5DDH" failures="0" tests="2" name="api.Test_POST" time="3.577" errors="0" timestamp="2021-09-23T09:03:12 IST" skipped="0">
  <testcase classname="api.Test_POST" name="test1_Post" time="3.095"/>
  <system-out/>
  <testcase classname="api.Test_POST" name="test1_PUT" time="0.482"/>
  <system-out/>
</testsuite> <!-- api.Test_POST -->
